<?xml version="1.0" encoding="UTF-8" ?>
<testsuites>
<testsuite name="comportement des requêtes etat ticket" errors="0" tests="1" failures="0" time="0.328" timestamp="2021-05-03T11:32:30">
  <testcase classname="comportement des requêtes etat ticket" name="retourne code 200" time="0.327"></testcase>
</testsuite>
</testsuites>